<?xml version="1.0" encoding="UTF-8"?>
<testsuites>
  <testsuite name="/Users/macbook/Documents/projects/Prueba tecnica Concept/Backend/phpunit.xml" tests="22" assertions="51" errors="0" failures="0" skipped="0" time="0.024677">
    <testsuite name="Unit" tests="22" assertions="51" errors="0" failures="0" skipped="0" time="0.024677">
      <testsuite name="Tests\Unit\Controllers\ProductsControllerTest" file="/Users/macbook/Documents/projects/Prueba tecnica Concept/Backend/test/Unit/Controllers/ProductsControllerTest.php" tests="4" assertions="12" errors="0" failures="0" skipped="0" time="0.006742">
        <testcase name="testLaClaseControladorExiste" file="/Users/macbook/Documents/projects/Prueba tecnica Concept/Backend/test/Unit/Controllers/ProductsControllerTest.php" line="17" class="Tests\Unit\Controllers\ProductsControllerTest" classname="Tests.Unit.Controllers.ProductsControllerTest" assertions="1" time="0.004372"/>
        <testcase name="testControladorTieneMetodosRequeridos" file="/Users/macbook/Documents/projects/Prueba tecnica Concept/Backend/test/Unit/Controllers/ProductsControllerTest.php" line="21" class="Tests\Unit\Controllers\ProductsControllerTest" classname="Tests.Unit.Controllers.ProductsControllerTest" assertions="5" time="0.000622"/>
        <testcase name="testMetodosDelControladorSonPublicos" file="/Users/macbook/Documents/projects/Prueba tecnica Concept/Backend/test/Unit/Controllers/ProductsControllerTest.php" line="31" class="Tests\Unit\Controllers\ProductsControllerTest" classname="Tests.Unit.Controllers.ProductsControllerTest" assertions="5" time="0.000543"/>
        <testcase name="testControladorTienePropiedadModelo" file="/Users/macbook/Documents/projects/Prueba tecnica Concept/Backend/test/Unit/Controllers/ProductsControllerTest.php" line="41" class="Tests\Unit\Controllers\ProductsControllerTest" classname="Tests.Unit.Controllers.ProductsControllerTest" assertions="1" time="0.001205"/>
      </testsuite>
      <testsuite name="Tests\Unit\Helpers\ResponseHelperTest" file="/Users/macbook/Documents/projects/Prueba tecnica Concept/Backend/test/Unit/Helpers/ResponseHelperTest.php" tests="5" assertions="12" errors="0" failures="0" skipped="0" time="0.008645">
        <testcase name="testLaClaseResponseHelperExiste" file="/Users/macbook/Documents/projects/Prueba tecnica Concept/Backend/test/Unit/Helpers/ResponseHelperTest.php" line="6" class="Tests\Unit\Helpers\ResponseHelperTest" classname="Tests.Unit.Helpers.ResponseHelperTest" assertions="1" time="0.005944"/>
        <testcase name="testResponseHelperTieneMetodosRequeridos" file="/Users/macbook/Documents/projects/Prueba tecnica Concept/Backend/test/Unit/Helpers/ResponseHelperTest.php" line="10" class="Tests\Unit\Helpers\ResponseHelperTest" classname="Tests.Unit.Helpers.ResponseHelperTest" assertions="2" time="0.000827"/>
        <testcase name="testMetodosSendSuccessSonEstaticos" file="/Users/macbook/Documents/projects/Prueba tecnica Concept/Backend/test/Unit/Helpers/ResponseHelperTest.php" line="15" class="Tests\Unit\Helpers\ResponseHelperTest" classname="Tests.Unit.Helpers.ResponseHelperTest" assertions="2" time="0.001017"/>
        <testcase name="testMetodoSendSuccessTieneParametrosCorrectos" file="/Users/macbook/Documents/projects/Prueba tecnica Concept/Backend/test/Unit/Helpers/ResponseHelperTest.php" line="22" class="Tests\Unit\Helpers\ResponseHelperTest" classname="Tests.Unit.Helpers.ResponseHelperTest" assertions="4" time="0.000431"/>
        <testcase name="testMetodoSendErrorTieneParametrosCorrectos" file="/Users/macbook/Documents/projects/Prueba tecnica Concept/Backend/test/Unit/Helpers/ResponseHelperTest.php" line="33" class="Tests\Unit\Helpers\ResponseHelperTest" classname="Tests.Unit.Helpers.ResponseHelperTest" assertions="3" time="0.000426"/>
      </testsuite>
      <testsuite name="Tests\Unit\Models\ProductsModelTest" file="/Users/macbook/Documents/projects/Prueba tecnica Concept/Backend/test/Unit/Models/ProductsModelTest.php" tests="13" assertions="27" errors="0" failures="0" skipped="0" time="0.009290">
        <testcase name="testPuedeCrearProducto" file="/Users/macbook/Documents/projects/Prueba tecnica Concept/Backend/test/Unit/Models/ProductsModelTest.php" line="14" class="Tests\Unit\Models\ProductsModelTest" classname="Tests.Unit.Models.ProductsModelTest" assertions="1" time="0.001489"/>
        <testcase name="testPuedeEncontrarProducto" file="/Users/macbook/Documents/projects/Prueba tecnica Concept/Backend/test/Unit/Models/ProductsModelTest.php" line="27" class="Tests\Unit\Models\ProductsModelTest" classname="Tests.Unit.Models.ProductsModelTest" assertions="4" time="0.000688"/>
        <testcase name="testPuedeObtenerTodosLosProductos" file="/Users/macbook/Documents/projects/Prueba tecnica Concept/Backend/test/Unit/Models/ProductsModelTest.php" line="44" class="Tests\Unit\Models\ProductsModelTest" classname="Tests.Unit.Models.ProductsModelTest" assertions="3" time="0.000504"/>
        <testcase name="testPuedeActualizarProducto" file="/Users/macbook/Documents/projects/Prueba tecnica Concept/Backend/test/Unit/Models/ProductsModelTest.php" line="59" class="Tests\Unit\Models\ProductsModelTest" classname="Tests.Unit.Models.ProductsModelTest" assertions="3" time="0.000553"/>
        <testcase name="testPuedeEliminarProducto" file="/Users/macbook/Documents/projects/Prueba tecnica Concept/Backend/test/Unit/Models/ProductsModelTest.php" line="82" class="Tests\Unit\Models\ProductsModelTest" classname="Tests.Unit.Models.ProductsModelTest" assertions="2" time="0.000616"/>
        <testcase name="testBuscarRetornaFalsoParaProductoInexistente" file="/Users/macbook/Documents/projects/Prueba tecnica Concept/Backend/test/Unit/Models/ProductsModelTest.php" line="97" class="Tests\Unit\Models\ProductsModelTest" classname="Tests.Unit.Models.ProductsModelTest" assertions="1" time="0.000447"/>
        <testcase name="testCrearProductoConDatosInvalidos" file="/Users/macbook/Documents/projects/Prueba tecnica Concept/Backend/test/Unit/Models/ProductsModelTest.php" line="103" class="Tests\Unit\Models\ProductsModelTest" classname="Tests.Unit.Models.ProductsModelTest" assertions="1" time="0.000459"/>
        <testcase name="testActualizarProductoInexistente" file="/Users/macbook/Documents/projects/Prueba tecnica Concept/Backend/test/Unit/Models/ProductsModelTest.php" line="119" class="Tests\Unit\Models\ProductsModelTest" classname="Tests.Unit.Models.ProductsModelTest" assertions="2" time="0.000874"/>
        <testcase name="testEliminarProductoInexistente" file="/Users/macbook/Documents/projects/Prueba tecnica Concept/Backend/test/Unit/Models/ProductsModelTest.php" line="139" class="Tests\Unit\Models\ProductsModelTest" classname="Tests.Unit.Models.ProductsModelTest" assertions="2" time="0.001063"/>
        <testcase name="testActualizarConDatosInvalidos" file="/Users/macbook/Documents/projects/Prueba tecnica Concept/Backend/test/Unit/Models/ProductsModelTest.php" line="151" class="Tests\Unit\Models\ProductsModelTest" classname="Tests.Unit.Models.ProductsModelTest" assertions="1" time="0.000740"/>
        <testcase name="testCrearProductoConCamposFaltantes" file="/Users/macbook/Documents/projects/Prueba tecnica Concept/Backend/test/Unit/Models/ProductsModelTest.php" line="171" class="Tests\Unit\Models\ProductsModelTest" classname="Tests.Unit.Models.ProductsModelTest" assertions="1" time="0.000837"/>
        <testcase name="testTodosLosProductosDeTablaVacia" file="/Users/macbook/Documents/projects/Prueba tecnica Concept/Backend/test/Unit/Models/ProductsModelTest.php" line="186" class="Tests\Unit\Models\ProductsModelTest" classname="Tests.Unit.Models.ProductsModelTest" assertions="3" time="0.000543"/>
        <testcase name="testModeloManejaIdsMuyGrandes" file="/Users/macbook/Documents/projects/Prueba tecnica Concept/Backend/test/Unit/Models/ProductsModelTest.php" line="195" class="Tests\Unit\Models\ProductsModelTest" classname="Tests.Unit.Models.ProductsModelTest" assertions="3" time="0.000477"/>
      </testsuite>
    </testsuite>
  </testsuite>
</testsuites>
